

Microchip Technology PIC LITE Macro Assembler V1.42 build -159332390 
                                                                                               Fri Sep 08 12:35:35 2017

Microchip Technology Omniscient Code Generator v1.42 (Free mode) build 201704130522
     1                           	processor	16F628A
     2                           	opt	pw 120
     3                           	opt	lm
     4                           	psect	cinit,global,class=CODE,merge=1,delta=2
     5                           	psect	bssBANK0,global,class=BANK0,space=1,delta=1
     6                           	psect	cstackCOMMON,global,class=COMMON,space=1,delta=1
     7                           	psect	cstackBANK0,global,class=BANK0,space=1,delta=1
     8                           	psect	maintext,global,class=CODE,split=1,delta=2
     9                           	psect	text1,local,class=CODE,merge=1,delta=2
    10                           	psect	intentry,global,class=CODE,delta=2
    11                           	psect	text2,local,class=CODE,merge=1,delta=2
    12                           	dabs	1,0x7E,2
    13  0000                     
    14                           ; Version 1.42
    15                           ; Generated 13/04/2017 GMT
    16                           ; 
    17                           ; Copyright © 2017, Microchip Technology Inc. and its subsidiaries ("Microchip")
    18                           ; All rights reserved.
    19                           ; 
    20                           ; This software is developed by Microchip Technology Inc. and its subsidiaries ("Microch
      +                          ip").
    21                           ; 
    22                           ; Redistribution and use in source and binary forms, with or without modification, are
    23                           ; permitted provided that the following conditions are met:
    24                           ; 
    25                           ;     1. Redistributions of source code must retain the above copyright notice, this lis
      +                          t of
    26                           ;        conditions and the following disclaimer.
    27                           ; 
    28                           ;     2. Redistributions in binary form must reproduce the above copyright notice, this 
      +                          list
    29                           ;        of conditions and the following disclaimer in the documentation and/or other
    30                           ;        materials provided with the distribution.
    31                           ; 
    32                           ;     3. Microchip's name may not be used to endorse or promote products derived from th
      +                          is
    33                           ;        software without specific prior written permission.
    34                           ; 
    35                           ; THIS SOFTWARE IS PROVIDED BY MICROCHIP "AS IS" AND ANY EXPRESS OR IMPLIED WARRANTIES,
    36                           ; INCLUDING, BUT NOT LIMITED TO, THE IMPLIED WARRANTIES OF MERCHANTABILITY AND FITNESS F
      +                          OR
    37                           ; PURPOSE ARE DISCLAIMED.  IN NO EVENT SHALL MICROCHIP BE LIABLE FOR ANY DIRECT, INDIREC
      +                          T,
    38                           ; INCIDENTAL, SPECIAL, EXEMPLARY, OR CONSEQUENTIAL DAMAGES (INCLUDING BUT NOT LIMITED TO
    39                           ; PROCUREMENT OF SUBSTITUTE GOODS OR SERVICES; LOSS OF USE, DATA OR PROFITS; OR BUSINESS
    40                           ; INTERRUPTION) HOWSOEVER CAUSED AND ON ANY THEORY OF LIABILITY, WHETHER IN CONTRACT, ST
      +                          RICT
    41                           ; LIABILITY, OR TORT (INCLUDING NEGLIGENCE OR OTHERWISE) ARISING IN ANY WAY OUT OF THE U
      +                          SE OF
    42                           ; THIS SOFTWARE, EVEN IF ADVISED OF THE POSSIBILITY OF SUCH DAMAGE.
    43                           ; 
    44                           ; 
    45                           ; Code-generator required, PIC16F628A Definitions
    46                           ; 
    47                           ; SFR Addresses
    48  0000                     	;# 
    49  0001                     	;# 
    50  0002                     	;# 
    51  0003                     	;# 
    52  0004                     	;# 
    53  0005                     	;# 
    54  0006                     	;# 
    55  000A                     	;# 
    56  000B                     	;# 
    57  000C                     	;# 
    58  000E                     	;# 
    59  000E                     	;# 
    60  000F                     	;# 
    61  0010                     	;# 
    62  0011                     	;# 
    63  0012                     	;# 
    64  0015                     	;# 
    65  0015                     	;# 
    66  0016                     	;# 
    67  0017                     	;# 
    68  0018                     	;# 
    69  0019                     	;# 
    70  001A                     	;# 
    71  001F                     	;# 
    72  0081                     	;# 
    73  0085                     	;# 
    74  0086                     	;# 
    75  008C                     	;# 
    76  008E                     	;# 
    77  0092                     	;# 
    78  0098                     	;# 
    79  0099                     	;# 
    80  009A                     	;# 
    81  009B                     	;# 
    82  009C                     	;# 
    83  009D                     	;# 
    84  009F                     	;# 
    85  0001                     _TMR0	set	1
    86  001F                     _CMCON	set	31
    87  0006                     _PORTB	set	6
    88  000B                     _INTCONbits	set	11
    89  002A                     _RA2	set	42
    90  002B                     _RA3	set	43
    91  0029                     _RA1	set	41
    92  0028                     _RA0	set	40
    93  0081                     _OPTION_REGbits	set	129
    94  0086                     _TRISB	set	134
    95  0085                     _TRISA	set	133
    96                           
    97                           ; #config settings
    98  0000                     
    99                           	psect	cinit
   100  0011                     start_initialization:	
   101  0011                     __initialization:	
   102                           
   103                           ; Clear objects allocated to BANK0
   104  0011  01AA               	clrf	__pbssBANK0& (0+127)
   105  0012  01AB               	clrf	(__pbssBANK0+1)& (0+127)
   106  0013  01AC               	clrf	(__pbssBANK0+2)& (0+127)
   107  0014  01AD               	clrf	(__pbssBANK0+3)& (0+127)
   108  0015                     end_of_initialization:	
   109                           ;End of C runtime variable initialization code
   110                           
   111  0015                     __end_of__initialization:	
   112  0015  0183               	clrf	3
   113  0016  287C               	ljmp	_main	;jump to C main() function
   114                           
   115                           	psect	bssBANK0
   116  002A                     __pbssBANK0:	
   117  002A                     _cuentaTemporizador:	
   118  002A                     	ds	2
   119  002C                     _contador:	
   120  002C                     	ds	2
   121                           
   122                           	psect	cstackCOMMON
   123  0070                     __pcstackCOMMON:	
   124  0070                     ?_encenderLed:	
   125  0070                     ??_encenderLed:	
   126                           ; 1 bytes @ 0x0
   127                           
   128  0070                     ?_temporizadorPrincipal:	
   129                           ; 1 bytes @ 0x0
   130                           
   131  0070                     ??_temporizadorPrincipal:	
   132                           ; 1 bytes @ 0x0
   133                           
   134  0070                     ?_main:	
   135                           ; 1 bytes @ 0x0
   136                           
   137                           
   138                           ; 1 bytes @ 0x0
   139  0070                     	ds	5
   140  0075                     ??_main:	
   141                           
   142                           ; 1 bytes @ 0x5
   143  0075                     	ds	2
   144                           
   145                           	psect	cstackBANK0
   146  0020                     __pcstackBANK0:	
   147  0020                     temporizadorPrincipal@j:	
   148                           
   149                           ; 10 bytes @ 0x0
   150  0020                     	ds	10
   151                           
   152                           	psect	maintext
   153  007C                     __pmaintext:	
   154 ;;
   155 ;;Main: autosize = 0, tempsize = 2, incstack = 0, save=0
   156 ;;
   157 ;; *************** function _main *****************
   158 ;; Defined at:
   159 ;;		line 100 in file "main.c"
   160 ;; Parameters:    Size  Location     Type
   161 ;;		None
   162 ;; Auto vars:     Size  Location     Type
   163 ;;		None
   164 ;; Return value:  Size  Location     Type
   165 ;;                  1    wreg      void 
   166 ;; Registers used:
   167 ;;		wreg, status,2
   168 ;; Tracked objects:
   169 ;;		On entry : B00/0
   170 ;;		On exit  : 0/0
   171 ;;		Unchanged: 0/0
   172 ;; Data sizes:     COMMON   BANK0   BANK1   BANK2
   173 ;;      Params:         0       0       0       0
   174 ;;      Locals:         0       0       0       0
   175 ;;      Temps:          2       0       0       0
   176 ;;      Totals:         2       0       0       0
   177 ;;Total ram usage:        2 bytes
   178 ;; Hardware stack levels required when called:    2
   179 ;; This function calls:
   180 ;;		Nothing
   181 ;; This function is called by:
   182 ;;		Startup code after reset
   183 ;; This function uses a non-reentrant model
   184 ;;
   185                           
   186                           
   187                           ;psect for function _main
   188  007C                     _main:	
   189                           
   190                           ;main.c: 102: CMCON = 0x07;
   191                           
   192                           ;incstack = 0
   193                           ; Regs used in _main: [wreg+status,2]
   194  007C  3007               	movlw	7
   195  007D  1283               	bcf	3,5	;RP0=0, select bank0
   196  007E  1303               	bcf	3,6	;RP1=0, select bank0
   197  007F  009F               	movwf	31	;volatile
   198                           
   199                           ;main.c: 103: TRISA= 0b00001110;
   200  0080  300E               	movlw	14
   201  0081  1683               	bsf	3,5	;RP0=1, select bank1
   202  0082  1303               	bcf	3,6	;RP1=0, select bank1
   203  0083  0085               	movwf	5	;volatile
   204                           
   205                           ;main.c: 104: TRISB= 0x00;
   206  0084  0186               	clrf	6	;volatile
   207                           
   208                           ;main.c: 106: RA0 = 0;
   209  0085  1283               	bcf	3,5	;RP0=0, select bank0
   210  0086  1303               	bcf	3,6	;RP1=0, select bank0
   211  0087  1005               	bcf	5,0	;volatile
   212                           
   213                           ;main.c: 108: TMR0 = 12;
   214  0088  300C               	movlw	12
   215  0089  0081               	movwf	1	;volatile
   216                           
   217                           ;main.c: 110: INTCONbits.GIE=1;
   218  008A  178B               	bsf	11,7	;volatile
   219                           
   220                           ;main.c: 111: INTCONbits.PEIE=1;
   221  008B  170B               	bsf	11,6	;volatile
   222                           
   223                           ;main.c: 112: INTCONbits.T0IE=0;
   224  008C  128B               	bcf	11,5	;volatile
   225                           
   226                           ;main.c: 113: INTCONbits.T0IF=0;
   227  008D  110B               	bcf	11,2	;volatile
   228                           
   229                           ;main.c: 115: OPTION_REGbits.T0CS=0;
   230  008E  1683               	bsf	3,5	;RP0=1, select bank1
   231  008F  1303               	bcf	3,6	;RP1=0, select bank1
   232  0090  1281               	bcf	1,5	;volatile
   233                           
   234                           ;main.c: 116: OPTION_REGbits.T0SE=0;
   235  0091  1201               	bcf	1,4	;volatile
   236                           
   237                           ;main.c: 117: OPTION_REGbits.PSA=0;
   238  0092  1181               	bcf	1,3	;volatile
   239                           
   240                           ;main.c: 119: OPTION_REGbits.PS0=1;
   241  0093  1401               	bsf	1,0	;volatile
   242                           
   243                           ;main.c: 120: OPTION_REGbits.PS1=1;
   244  0094  1481               	bsf	1,1	;volatile
   245                           
   246                           ;main.c: 121: OPTION_REGbits.PS2=1;
   247  0095  1501               	bsf	1,2	;volatile
   248  0096                     l706:	
   249                           ;main.c: 123: while (1)
   250                           
   251                           
   252                           ;main.c: 124: {
   253                           ;main.c: 125: if (RA1 == 1)
   254  0096  1283               	bcf	3,5	;RP0=0, select bank0
   255  0097  1303               	bcf	3,6	;RP1=0, select bank0
   256  0098  1C85               	btfss	5,1	;volatile
   257  0099  28A3               	goto	l710
   258                           
   259                           ;main.c: 126: {
   260                           ;main.c: 128: _delay((unsigned long)((100)*(4000000/4000.0)));
   261  009A  3082               	movlw	130
   262  009B  00F6               	movwf	??_main+1
   263  009C  30DD               	movlw	221
   264  009D  00F5               	movwf	??_main
   265  009E                     u197:	
   266  009E  0BF5               	decfsz	??_main,f
   267  009F  289E               	goto	u197
   268  00A0  0BF6               	decfsz	??_main+1,f
   269  00A1  289E               	goto	u197
   270  00A2  28A3               	nop2
   271  00A3                     l710:	
   272                           
   273                           ;main.c: 129: }
   274                           ;main.c: 131: if (RA3 == 1)
   275  00A3  1283               	bcf	3,5	;RP0=0, select bank0
   276  00A4  1303               	bcf	3,6	;RP1=0, select bank0
   277  00A5  1D85               	btfss	5,3	;volatile
   278  00A6  28B1               	goto	l716
   279                           
   280                           ;main.c: 132: {
   281                           ;main.c: 133: INTCONbits.T0IE = 1;
   282  00A7  168B               	bsf	11,5	;volatile
   283                           
   284                           ;main.c: 134: _delay((unsigned long)((100)*(4000000/4000.0)));
   285  00A8  3082               	movlw	130
   286  00A9  00F6               	movwf	??_main+1
   287  00AA  30DD               	movlw	221
   288  00AB  00F5               	movwf	??_main
   289  00AC                     u207:	
   290  00AC  0BF5               	decfsz	??_main,f
   291  00AD  28AC               	goto	u207
   292  00AE  0BF6               	decfsz	??_main+1,f
   293  00AF  28AC               	goto	u207
   294  00B0  28B1               	nop2
   295  00B1                     l716:	
   296                           
   297                           ;main.c: 135: }
   298                           ;main.c: 137: if (RA2 == 1)
   299  00B1  1283               	bcf	3,5	;RP0=0, select bank0
   300  00B2  1303               	bcf	3,6	;RP1=0, select bank0
   301  00B3  1D05               	btfss	5,2	;volatile
   302  00B4  2896               	goto	l706
   303                           
   304                           ;main.c: 138: {
   305                           ;main.c: 139: INTCONbits.T0IE = 0;
   306  00B5  128B               	bcf	11,5	;volatile
   307                           
   308                           ;main.c: 140: _delay((unsigned long)((100)*(4000000/4000.0)));
   309  00B6  3082               	movlw	130
   310  00B7  00F6               	movwf	??_main+1
   311  00B8  30DD               	movlw	221
   312  00B9  00F5               	movwf	??_main
   313  00BA                     u217:	
   314  00BA  0BF5               	decfsz	??_main,f
   315  00BB  28BA               	goto	u217
   316  00BC  0BF6               	decfsz	??_main+1,f
   317  00BD  28BA               	goto	u217
   318  00BE  28BF               	nop2
   319  00BF  2896               	goto	l706
   320  00C0                     __end_of_main:	
   321                           
   322                           	psect	text1
   323  0017                     __ptext1:	
   324 ;; *************** function _temporizadorPrincipal *****************
   325 ;; Defined at:
   326 ;;		line 36 in file "main.c"
   327 ;; Parameters:    Size  Location     Type
   328 ;;		None
   329 ;; Auto vars:     Size  Location     Type
   330 ;;  j              10    0[BANK0 ] unsigned char [10]
   331 ;; Return value:  Size  Location     Type
   332 ;;                  1    wreg      void 
   333 ;; Registers used:
   334 ;;		wreg, fsr0l, fsr0h, status,2, status,0, btemp+1, pclath, cstack
   335 ;; Tracked objects:
   336 ;;		On entry : 0/0
   337 ;;		On exit  : 0/0
   338 ;;		Unchanged: 0/0
   339 ;; Data sizes:     COMMON   BANK0   BANK1   BANK2
   340 ;;      Params:         0       0       0       0
   341 ;;      Locals:         0      10       0       0
   342 ;;      Temps:          5       0       0       0
   343 ;;      Totals:         5      10       0       0
   344 ;;Total ram usage:       15 bytes
   345 ;; Hardware stack levels used:    1
   346 ;; Hardware stack levels required when called:    1
   347 ;; This function calls:
   348 ;;		_encenderLed
   349 ;; This function is called by:
   350 ;;		Interrupt level 1
   351 ;; This function uses a non-reentrant model
   352 ;;
   353                           
   354                           
   355                           ;psect for function _temporizadorPrincipal
   356  0017                     _temporizadorPrincipal:	
   357                           
   358                           ;main.c: 38: if(INTCONbits.T0IF == 1)
   359  0017  1D0B               	btfss	11,2	;volatile
   360  0018  2871               	goto	i1l42
   361                           
   362                           ;main.c: 39: {
   363                           ;main.c: 40: INTCONbits.T0IF = 0;
   364  0019  110B               	bcf	11,2	;volatile
   365                           
   366                           ;main.c: 41: contador++;
   367  001A  3001               	movlw	1
   368  001B  07AC               	addwf	_contador,f
   369  001C  1803               	skipnc
   370  001D  0AAD               	incf	_contador+1,f
   371  001E  3000               	movlw	0
   372  001F  07AD               	addwf	_contador+1,f
   373                           
   374                           ;main.c: 42: if(contador >= 64)
   375  0020  3000               	movlw	0
   376  0021  022D               	subwf	_contador+1,w
   377  0022  3040               	movlw	64
   378  0023  1903               	skipnz
   379  0024  022C               	subwf	_contador,w
   380  0025  1C03               	skipc
   381  0026  2871               	goto	i1l42
   382                           
   383                           ;main.c: 43: {
   384                           ;main.c: 44: contador = 0;
   385  0027  01AC               	clrf	_contador
   386  0028  01AD               	clrf	_contador+1
   387                           
   388                           ;main.c: 45: cuentaTemporizador++;
   389  0029  3001               	movlw	1
   390  002A  07AA               	addwf	_cuentaTemporizador,f
   391  002B  1803               	skipnc
   392  002C  0AAB               	incf	_cuentaTemporizador+1,f
   393  002D  3000               	movlw	0
   394  002E  07AB               	addwf	_cuentaTemporizador+1,f
   395                           
   396                           ;main.c: 46: if (cuentaTemporizador >= 10)
   397  002F  082B               	movf	_cuentaTemporizador+1,w
   398  0030  3A80               	xorlw	128
   399  0031  00FF               	movwf	127
   400  0032  3080               	movlw	128
   401  0033  027F               	subwf	127,w
   402  0034  1D03               	skipz
   403  0035  2838               	goto	u13_25
   404  0036  300A               	movlw	10
   405  0037  022A               	subwf	_cuentaTemporizador,w
   406  0038                     u13_25:	
   407  0038  1C03               	skipc
   408  0039  2841               	goto	i1l642
   409                           
   410                           ;main.c: 47: {
   411                           ;main.c: 48: encenderLed();
   412  003A  20C0               	fcall	_encenderLed
   413                           
   414                           ;main.c: 49: cuentaTemporizador = 0;
   415  003B  1283               	bcf	3,5	;RP0=0, select bank0
   416  003C  1303               	bcf	3,6	;RP1=0, select bank0
   417  003D  01AA               	clrf	_cuentaTemporizador
   418  003E  01AB               	clrf	_cuentaTemporizador+1
   419                           
   420                           ;main.c: 50: INTCONbits.T0IE = 0;
   421  003F  128B               	bcf	11,5	;volatile
   422                           
   423                           ;main.c: 51: }
   424  0040  2871               	goto	i1l42
   425  0041                     i1l642:	
   426                           
   427                           ;main.c: 52: else
   428                           ;main.c: 53: {
   429                           ;main.c: 54: char j[10];
   430                           ;main.c: 56: j[0] = 0b11111100;
   431  0041  30FC               	movlw	252
   432  0042  00F0               	movwf	??_temporizadorPrincipal
   433  0043  0870               	movf	??_temporizadorPrincipal,w
   434  0044  1283               	bcf	3,5	;RP0=0, select bank0
   435  0045  1303               	bcf	3,6	;RP1=0, select bank0
   436  0046  00A0               	movwf	temporizadorPrincipal@j
   437                           
   438                           ;main.c: 57: j[1] = 0b01100000;
   439  0047  3060               	movlw	96
   440  0048  00F0               	movwf	??_temporizadorPrincipal
   441  0049  0870               	movf	??_temporizadorPrincipal,w
   442  004A  00A1               	movwf	temporizadorPrincipal@j+1
   443                           
   444                           ;main.c: 58: j[2] = 0b11011010;
   445  004B  30DA               	movlw	218
   446  004C  00F0               	movwf	??_temporizadorPrincipal
   447  004D  0870               	movf	??_temporizadorPrincipal,w
   448  004E  00A2               	movwf	temporizadorPrincipal@j+2
   449                           
   450                           ;main.c: 59: j[3] = 0b11110010;
   451  004F  30F2               	movlw	242
   452  0050  00F0               	movwf	??_temporizadorPrincipal
   453  0051  0870               	movf	??_temporizadorPrincipal,w
   454  0052  00A3               	movwf	temporizadorPrincipal@j+3
   455                           
   456                           ;main.c: 60: j[4] = 0b01100110;
   457  0053  3066               	movlw	102
   458  0054  00F0               	movwf	??_temporizadorPrincipal
   459  0055  0870               	movf	??_temporizadorPrincipal,w
   460  0056  00A4               	movwf	temporizadorPrincipal@j+4
   461                           
   462                           ;main.c: 61: j[5] = 0b10110110;
   463  0057  30B6               	movlw	182
   464  0058  00F0               	movwf	??_temporizadorPrincipal
   465  0059  0870               	movf	??_temporizadorPrincipal,w
   466  005A  00A5               	movwf	temporizadorPrincipal@j+5
   467                           
   468                           ;main.c: 62: j[6] = 0b10111110;
   469  005B  30BE               	movlw	190
   470  005C  00F0               	movwf	??_temporizadorPrincipal
   471  005D  0870               	movf	??_temporizadorPrincipal,w
   472  005E  00A6               	movwf	temporizadorPrincipal@j+6
   473                           
   474                           ;main.c: 63: j[7] = 0b11100000;
   475  005F  30E0               	movlw	224
   476  0060  00F0               	movwf	??_temporizadorPrincipal
   477  0061  0870               	movf	??_temporizadorPrincipal,w
   478  0062  00A7               	movwf	temporizadorPrincipal@j+7
   479                           
   480                           ;main.c: 64: j[8] = 0b11111110;
   481  0063  30FE               	movlw	254
   482  0064  00F0               	movwf	??_temporizadorPrincipal
   483  0065  0870               	movf	??_temporizadorPrincipal,w
   484  0066  00A8               	movwf	temporizadorPrincipal@j+8
   485                           
   486                           ;main.c: 65: j[9] = 0b11100110;
   487  0067  30E6               	movlw	230
   488  0068  00F0               	movwf	??_temporizadorPrincipal
   489  0069  0870               	movf	??_temporizadorPrincipal,w
   490  006A  00A9               	movwf	temporizadorPrincipal@j+9
   491                           
   492                           ;main.c: 67: PORTB = j[cuentaTemporizador];
   493  006B  082A               	movf	_cuentaTemporizador,w
   494  006C  3E20               	addlw	(low (temporizadorPrincipal@j| 0))& (0+255)
   495  006D  0084               	movwf	4
   496  006E  1383               	bcf	3,7	;select IRP bank0
   497  006F  0800               	movf	0,w
   498  0070  0086               	movwf	6	;volatile
   499  0071                     i1l42:	
   500  0071  0874               	movf	??_temporizadorPrincipal+4,w
   501  0072  00FF               	movwf	127
   502  0073  0873               	movf	??_temporizadorPrincipal+3,w
   503  0074  008A               	movwf	10
   504  0075  0872               	movf	??_temporizadorPrincipal+2,w
   505  0076  0084               	movwf	4
   506  0077  0E71               	swapf	(??_temporizadorPrincipal+1)^(0+-128),w
   507  0078  0083               	movwf	3
   508  0079  0EFE               	swapf	126,f
   509  007A  0E7E               	swapf	126,w
   510  007B  0009               	retfie
   511  007C                     __end_of_temporizadorPrincipal:	
   512                           
   513                           	psect	intentry
   514  0004                     __pintentry:	
   515                           ;incstack = 0
   516                           ; Regs used in _temporizadorPrincipal: [wreg-fsr0h+status,2+status,0+btemp+1+pclath+csta
      +                          ck]
   517                           
   518  0004                     interrupt_function:	
   519  007E                     saved_w	set	btemp
   520  0004  00FE               	movwf	btemp
   521  0005  0E03               	swapf	3,w
   522  0006  00F1               	movwf	??_temporizadorPrincipal+1
   523  0007  0804               	movf	4,w
   524  0008  00F2               	movwf	??_temporizadorPrincipal+2
   525  0009  080A               	movf	10,w
   526  000A  00F3               	movwf	??_temporizadorPrincipal+3
   527  000B  1283               	bcf	3,5	;RP0=0, select bank0
   528  000C  1303               	bcf	3,6	;RP1=0, select bank0
   529  000D  087F               	movf	btemp+1,w
   530  000E  00F4               	movwf	??_temporizadorPrincipal+4
   531  000F  2817               	ljmp	_temporizadorPrincipal
   532                           
   533                           	psect	text2
   534  00C0                     __ptext2:	
   535 ;; *************** function _encenderLed *****************
   536 ;; Defined at:
   537 ;;		line 24 in file "main.c"
   538 ;; Parameters:    Size  Location     Type
   539 ;;		None
   540 ;; Auto vars:     Size  Location     Type
   541 ;;		None
   542 ;; Return value:  Size  Location     Type
   543 ;;                  1    wreg      void 
   544 ;; Registers used:
   545 ;;		None
   546 ;; Tracked objects:
   547 ;;		On entry : 0/0
   548 ;;		On exit  : 0/0
   549 ;;		Unchanged: 0/0
   550 ;; Data sizes:     COMMON   BANK0   BANK1   BANK2
   551 ;;      Params:         0       0       0       0
   552 ;;      Locals:         0       0       0       0
   553 ;;      Temps:          0       0       0       0
   554 ;;      Totals:         0       0       0       0
   555 ;;Total ram usage:        0 bytes
   556 ;; Hardware stack levels used:    1
   557 ;; This function calls:
   558 ;;		Nothing
   559 ;; This function is called by:
   560 ;;		_temporizadorPrincipal
   561 ;; This function uses a non-reentrant model
   562 ;;
   563                           
   564                           
   565                           ;psect for function _encenderLed
   566  00C0                     _encenderLed:	
   567                           
   568                           ;main.c: 26: if (RA0 == 1)
   569                           
   570                           ;incstack = 0
   571                           ; Regs used in _encenderLed: []
   572  00C0  1283               	bcf	3,5	;RP0=0, select bank0
   573  00C1  1303               	bcf	3,6	;RP1=0, select bank0
   574  00C2  1C05               	btfss	5,0	;volatile
   575  00C3  28C6               	goto	i1l31
   576                           
   577                           ;main.c: 27: {
   578                           ;main.c: 28: RA0 = 0;
   579  00C4  1005               	bcf	5,0	;volatile
   580                           
   581                           ;main.c: 29: }
   582  00C5  0008               	return
   583  00C6                     i1l31:	
   584                           
   585                           ;main.c: 30: else
   586                           ;main.c: 31: {
   587                           ;main.c: 32: RA0 = 1;
   588  00C6  1405               	bsf	5,0	;volatile
   589  00C7  0008               	return
   590  00C8                     __end_of_encenderLed:	
   591  007E                     btemp	set	126	;btemp
   592  007E                     wtemp0	set	126


Data Sizes:
    Strings     0
    Constant    0
    Data        0
    BSS         4
    Persistent  0
    Stack       0

Auto Spaces:
    Space          Size  Autos    Used
    COMMON           14      7       7
    BANK0            80     10      14
    BANK1            80      0       0
    BANK2            48      0       0

Pointer List with Targets:

    None.

Critical Paths under _main in COMMON

    None.

Critical Paths under _temporizadorPrincipal in COMMON

    None.

Critical Paths under _main in BANK0

    None.

Critical Paths under _temporizadorPrincipal in BANK0

    None.

Critical Paths under _main in BANK1

    None.

Critical Paths under _temporizadorPrincipal in BANK1

    None.

Critical Paths under _main in BANK2

    None.

Critical Paths under _temporizadorPrincipal in BANK2

    None.

Call Graph Tables:

 ---------------------------------------------------------------------------------
 (Depth) Function   	        Calls       Base Space   Used Autos Params    Refs
 ---------------------------------------------------------------------------------
 (0) _main                                                 2     2      0       0
                                              5 COMMON     2     2      0
 ---------------------------------------------------------------------------------
 Estimated maximum stack depth 0
 ---------------------------------------------------------------------------------
 (Depth) Function   	        Calls       Base Space   Used Autos Params    Refs
 ---------------------------------------------------------------------------------
 (1) _temporizadorPrincipal                               15    15      0     240
                                              0 COMMON     5     5      0
                                              0 BANK0     10    10      0
                        _encenderLed
 ---------------------------------------------------------------------------------
 (2) _encenderLed                                          0     0      0       0
 ---------------------------------------------------------------------------------
 Estimated maximum stack depth 2
 ---------------------------------------------------------------------------------

 Call Graph Graphs:

 _main (ROOT)

 _temporizadorPrincipal (ROOT)
   _encenderLed

 Address spaces:
Name               Size   Autos  Total    Cost      Usage
BITCOMMON            E      0       0       0        0.0%
EEDATA              80      0       0       0        0.0%
NULL                 0      0       0       0        0.0%
CODE                 0      0       0       0        0.0%
COMMON               E      7       7       1       50.0%
BITSFR0              0      0       0       1        0.0%
SFR0                 0      0       0       1        0.0%
BITSFR1              0      0       0       2        0.0%
SFR1                 0      0       0       2        0.0%
STACK                0      0       0       2        0.0%
BANK0               50      A       E       3       17.5%
BITSFR3              0      0       0       4        0.0%
SFR3                 0      0       0       4        0.0%
ABS                  0      0      15       4        0.0%
BITBANK0            50      0       0       5        0.0%
BITSFR2              0      0       0       5        0.0%
SFR2                 0      0       0       5        0.0%
BITBANK1            50      0       0       6        0.0%
BANK1               50      0       0       7        0.0%
BITBANK2            30      0       0       8        0.0%
BANK2               30      0       0       9        0.0%
DATA                 0      0      15      10        0.0%


Microchip Technology PIC Macro Assembler V1.42 build -159332390 
Symbol Table                                                                                   Fri Sep 08 12:35:35 2017

                   __CFG_CP$OFF 0000                             l710 00A3                             l706 0096  
                           l716 00B1                             _RA0 0028                             _RA1 0029  
                           _RA2 002A                             _RA3 002B                             u207 00AC  
                           u217 00BA                    __CFG_CPD$OFF 0000                             u197 009E  
                           fsr0 0004                             indf 0000                    __CFG_LVP$OFF 0000  
                          i1l31 00C6                            i1l42 0071                            _TMR0 0001  
                          _main 007C                            btemp 007E                   __CFG_BOREN$ON 0000  
                          start 0010                           ?_main 0070                   __CFG_WDTE$OFF 0000  
                         _CMCON 001F                           i1l642 0041                           u13_25 0038  
                         _PORTB 0006                           _TRISA 0085                           _TRISB 0086  
         _temporizadorPrincipal 0017                           pclath 000A                           status 0003  
                         wtemp0 007E                  __CFG_MCLRE$OFF 0000                 __initialization 0011  
            _cuentaTemporizador 002A                    __end_of_main 00C0                          ??_main 0075  
          __size_of_encenderLed 0008                  __CFG_PWRTE$OFF 0000          ?_temporizadorPrincipal 0070  
                        saved_w 007E         __end_of__initialization 0015                  __pcstackCOMMON 0070  
                _OPTION_REGbits 0081                      __pbssBANK0 002A                      __pmaintext 007C  
                    __pintentry 0004                         __ptext1 0017                         __ptext2 00C0  
          end_of_initialization 0015         ??_temporizadorPrincipal 0070                   ??_encenderLed 0070  
           start_initialization 0011             __end_of_encenderLed 00C8                       ___latbits 0000  
                 __pcstackBANK0 0020          temporizadorPrincipal@j 0020                     _encenderLed 00C0  
             interrupt_function 0004  __size_of_temporizadorPrincipal 0065   __end_of_temporizadorPrincipal 007C  
                      _contador 002C                   __size_of_main 0044                      _INTCONbits 000B  
                      intlevel1 0000              __CFG_FOSC$INTOSCIO 0000                    ?_encenderLed 0070  
